--------------------------------------------------------------------------------
[12 Jun 2021, 10:21:05.4 am:ERROR:ad_rewards.cc(280)] Payment balance is not ready
[12 Jun 2021, 10:21:35.7 am:ERROR:ad_rewards.cc(280)] Payment balance is not ready
[12 Jun 2021, 10:22:18.9 am:ERROR:ad_rewards.cc(280)] Payment balance is not ready
[12 Jun 2021, 10:23:09.6 am:ERROR:ad_rewards.cc(280)] Payment balance is not ready
[12 Jun 2021, 10:40:03.9 am:ERROR:ad_rewards.cc(280)] Payment balance is not ready
[12 Jun 2021, 10:54:58.2 am:ERROR:ad_rewards.cc(280)] Payment balance is not ready
[12 Jun 2021, 11:12:56.5 am:ERROR:ad_rewards.cc(280)] Payment balance is not ready
[12 Jun 2021, 11:53:47.8 am:ERROR:ad_rewards.cc(280)] Payment balance is not ready
--------------------------------------------------------------------------------
[12 Jun 2021, 2:54:13.7 pm:ERROR:ad_rewards.cc(280)] Payment balance is not ready
[12 Jun 2021, 12:55:12.6 pm:ERROR:ad_rewards.cc(280)] Payment balance is not ready
[12 Jun 2021, 12:55:23.2 pm:ERROR:ad_rewards.cc(280)] Payment balance is not ready
[12 Jun 2021, 1:07:08.6 pm:ERROR:ad_rewards.cc(280)] Payment balance is not ready
[12 Jun 2021, 1:08:32.8 pm:ERROR:ad_rewards.cc(280)] Payment balance is not ready
--------------------------------------------------------------------------------
[12 Jun 2021, 1:20:54.7 pm:ERROR:ad_rewards.cc(280)] Payment balance is not ready
[12 Jun 2021, 1:21:12.9 pm:ERROR:ad_rewards.cc(280)] Payment balance is not ready
[12 Jun 2021, 1:22:58.1 pm:ERROR:ad_rewards.cc(280)] Payment balance is not ready
[12 Jun 2021, 1:33:01.4 pm:ERROR:ad_rewards.cc(280)] Payment balance is not ready
[12 Jun 2021, 1:41:29.7 pm:ERROR:ad_rewards.cc(280)] Payment balance is not ready
[12 Jun 2021, 2:03:29.0 pm:ERROR:ad_rewards.cc(280)] Payment balance is not ready
[12 Jun 2021, 2:06:37.3 pm:ERROR:publisher.cc(763)] Publisher info not found
[12 Jun 2021, 2:06:37.3 pm:ERROR:publisher.cc(763)] Publisher info not found
[12 Jun 2021, 2:07:03.7 pm:ERROR:publisher.cc(763)] Publisher info not found
[12 Jun 2021, 2:07:03.7 pm:ERROR:publisher.cc(763)] Publisher info not found
[12 Jun 2021, 2:26:07.3 pm:ERROR:ad_rewards.cc(280)] Payment balance is not ready
--------------------------------------------------------------------------------
[13 Jun 2021, 9:25:35.9 am:ERROR:ad_rewards.cc(280)] Payment balance is not ready
[13 Jun 2021, 9:25:47.1 am:ERROR:ad_rewards.cc(280)] Payment balance is not ready
[13 Jun 2021, 9:28:26.4 am:ERROR:ad_rewards.cc(280)] Payment balance is not ready
[13 Jun 2021, 9:29:50.6 am:ERROR:ad_rewards.cc(280)] Payment balance is not ready
[13 Jun 2021, 9:37:00.3 am:ERROR:ad_rewards.cc(280)] Payment balance is not ready
[13 Jun 2021, 9:46:33.4 am:ERROR:ad_rewards.cc(280)] Payment balance is not ready
[13 Jun 2021, 9:50:34.9 am:ERROR:ad_rewards.cc(280)] Payment balance is not ready
--------------------------------------------------------------------------------
[13 Jun 2021, 2:08:06.6 pm:ERROR:ad_rewards.cc(280)] Payment balance is not ready
[13 Jun 2021, 12:09:27.0 pm:ERROR:ad_rewards.cc(280)] Payment balance is not ready
[13 Jun 2021, 12:11:28.5 pm:ERROR:ad_rewards.cc(280)] Payment balance is not ready
[13 Jun 2021, 12:11:46.7 pm:ERROR:ad_rewards.cc(280)] Payment balance is not ready
[13 Jun 2021, 12:21:48.4 pm:ERROR:publisher.cc(763)] Publisher info not found
[13 Jun 2021, 12:21:48.4 pm:ERROR:publisher.cc(763)] Publisher info not found
[13 Jun 2021, 12:28:51.0 pm:ERROR:ad_rewards.cc(280)] Payment balance is not ready
[13 Jun 2021, 12:33:42.2 pm:ERROR:ad_rewards.cc(280)] Payment balance is not ready
[13 Jun 2021, 12:36:14.5 pm:ERROR:ad_rewards.cc(280)] Payment balance is not ready
[13 Jun 2021, 12:36:52.8 pm:ERROR:ad_rewards.cc(280)] Payment balance is not ready
[13 Jun 2021, 12:41:30.0 pm:ERROR:ad_rewards.cc(280)] Payment balance is not ready
--------------------------------------------------------------------------------
[13 Jun 2021, 1:02:33.1 pm:ERROR:ad_rewards.cc(280)] Payment balance is not ready
[13 Jun 2021, 1:03:52.4 pm:ERROR:ad_rewards.cc(280)] Payment balance is not ready
[13 Jun 2021, 1:04:28.6 pm:ERROR:ad_rewards.cc(280)] Payment balance is not ready
[13 Jun 2021, 1:04:48.8 pm:ERROR:ad_rewards.cc(280)] Payment balance is not ready
[13 Jun 2021, 1:23:00.2 pm:ERROR:ad_rewards.cc(280)] Payment balance is not ready
[13 Jun 2021, 1:28:32.5 pm:ERROR:ad_rewards.cc(280)] Payment balance is not ready
[13 Jun 2021, 2:20:03.7 pm:ERROR:ad_rewards.cc(280)] Payment balance is not ready
[13 Jun 2021, 2:48:08.1 pm:ERROR:ad_rewards.cc(280)] Payment balance is not ready
--------------------------------------------------------------------------------
[13 Jun 2021, 4:52:34.4 pm:ERROR:ad_rewards.cc(280)] Payment balance is not ready
[13 Jun 2021, 4:52:43.0 pm:ERROR:ad_rewards.cc(280)] Payment balance is not ready
[13 Jun 2021, 4:53:45.1 pm:ERROR:publisher.cc(763)] Publisher info not found
[13 Jun 2021, 4:54:41.2 pm:ERROR:ad_rewards.cc(280)] Payment balance is not ready
[13 Jun 2021, 4:55:37.4 pm:ERROR:ad_rewards.cc(280)] Payment balance is not ready
[13 Jun 2021, 4:56:41.7 pm:ERROR:ad_rewards.cc(280)] Payment balance is not ready
[13 Jun 2021, 5:14:19.0 pm:ERROR:ad_rewards.cc(280)] Payment balance is not ready
[13 Jun 2021, 5:21:04.6 pm:ERROR:publisher.cc(763)] Publisher info not found
[13 Jun 2021, 6:06:39.4 pm:ERROR:ad_rewards.cc(280)] Payment balance is not ready
[13 Jun 2021, 7:00:45.8 pm:ERROR:publisher.cc(763)] Publisher info not found
[13 Jun 2021, 7:07:51.6 pm:ERROR:publisher.cc(763)] Publisher info not found
[13 Jun 2021, 8:36:50.7 pm:ERROR:ad_rewards.cc(280)] Payment balance is not ready
[13 Jun 2021, 8:53:57.0 pm:ERROR:ad_rewards.cc(280)] Payment balance is not ready
[13 Jun 2021, 9:17:16.3 pm:ERROR:ad_rewards.cc(280)] Payment balance is not ready
--------------------------------------------------------------------------------
[14 Jun 2021, 7:23:16.3 am:ERROR:ad_rewards.cc(280)] Payment balance is not ready
[14 Jun 2021, 7:23:46.5 am:ERROR:ad_rewards.cc(280)] Payment balance is not ready
[14 Jun 2021, 7:27:11.8 am:ERROR:ad_rewards.cc(280)] Payment balance is not ready
[14 Jun 2021, 7:37:17.1 am:ERROR:ad_rewards.cc(280)] Payment balance is not ready
[14 Jun 2021, 7:41:05.4 am:ERROR:ad_rewards.cc(280)] Payment balance is not ready
[14 Jun 2021, 8:20:30.7 am:ERROR:ad_rewards.cc(280)] Payment balance is not ready
[14 Jun 2021, 8:35:47.6 am:ERROR:credentials_promotion.cc(503)] Token list empty
[14 Jun 2021, 8:35:47.6 am:ERROR:wallet.cc(162)] Claiming tokens failed
[14 Jun 2021, 8:35:48.0 am:ERROR:credentials_promotion.cc(503)] Token list empty
[14 Jun 2021, 8:35:48.0 am:ERROR:wallet.cc(162)] Claiming tokens failed
[14 Jun 2021, 8:42:02.0 am:ERROR:ad_rewards.cc(280)] Payment balance is not ready
[14 Jun 2021, 9:20:50.7 am:ERROR:publisher.cc(763)] Publisher info not found
[14 Jun 2021, 9:23:17.7 am:ERROR:publisher.cc(763)] Publisher info not found
[14 Jun 2021, 9:24:42.2 am:ERROR:publisher.cc(763)] Publisher info not found
[14 Jun 2021, 9:24:56.7 am:ERROR:publisher.cc(763)] Publisher info not found
[14 Jun 2021, 9:25:16.4 am:ERROR:publisher.cc(763)] Publisher info not found
[14 Jun 2021, 9:26:36.2 am:ERROR:ad_rewards.cc(280)] Payment balance is not ready
[14 Jun 2021, 9:59:45.6 am:ERROR:ad_rewards.cc(280)] Payment balance is not ready
[14 Jun 2021, 10:07:40.8 am:ERROR:ad_rewards.cc(280)] Payment balance is not ready
[14 Jun 2021, 10:58:48.8 am:ERROR:publisher.cc(763)] Publisher info not found
[14 Jun 2021, 10:59:04.0 am:ERROR:publisher.cc(763)] Publisher info not found
[14 Jun 2021, 10:59:41.1 am:ERROR:ad_rewards.cc(280)] Payment balance is not ready
[14 Jun 2021, 11:02:45.3 am:ERROR:publisher.cc(763)] Publisher info not found
[14 Jun 2021, 11:37:51.4 am:ERROR:ad_rewards.cc(280)] Payment balance is not ready
[14 Jun 2021, 11:42:33.7 am:ERROR:ad_rewards.cc(280)] Payment balance is not ready
[14 Jun 2021, 11:46:39.0 am:ERROR:publisher.cc(763)] Publisher info not found
--------------------------------------------------------------------------------
[14 Jun 2021, 11:56:37.6 am:ERROR:ad_rewards.cc(280)] Payment balance is not ready
[14 Jun 2021, 11:57:21.8 am:ERROR:ad_rewards.cc(280)] Payment balance is not ready
[14 Jun 2021, 11:57:32.1 am:ERROR:ad_rewards.cc(280)] Payment balance is not ready
--------------------------------------------------------------------------------
[14 Jun 2021, 5:18:45.1 pm:ERROR:publisher.cc(763)] Publisher info not found
[14 Jun 2021, 6:29:03.5 pm:ERROR:publisher.cc(763)] Publisher info not found
[14 Jun 2021, 6:39:47.5 pm:ERROR:publisher.cc(763)] Publisher info not found
[14 Jun 2021, 6:48:36.8 pm:ERROR:publisher.cc(763)] Publisher info not found
[14 Jun 2021, 6:48:36.8 pm:ERROR:publisher.cc(834)] Failed to retrieve publisher info while updating media duration
[14 Jun 2021, 6:55:36.5 pm:ERROR:credentials_promotion.cc(503)] Token list empty
[14 Jun 2021, 6:55:36.5 pm:ERROR:wallet.cc(162)] Claiming tokens failed
[14 Jun 2021, 6:55:36.6 pm:ERROR:credentials_promotion.cc(503)] Token list empty
[14 Jun 2021, 6:55:36.6 pm:ERROR:wallet.cc(162)] Claiming tokens failed
--------------------------------------------------------------------------------
[15 Jun 2021, 8:35:48.7 am:ERROR:publisher.cc(763)] Publisher info not found
[15 Jun 2021, 8:43:19.3 am:ERROR:publisher.cc(763)] Publisher info not found
[15 Jun 2021, 8:43:48.8 am:ERROR:publisher.cc(763)] Publisher info not found
[15 Jun 2021, 8:49:01.7 am:ERROR:publisher.cc(763)] Publisher info not found
[15 Jun 2021, 9:15:20.8 am:ERROR:publisher.cc(763)] Publisher info not found
[15 Jun 2021, 11:25:54.3 am:ERROR:publisher.cc(763)] Publisher info not found
[15 Jun 2021, 11:26:59.5 am:ERROR:publisher.cc(763)] Publisher info not found
[15 Jun 2021, 11:29:30.4 am:ERROR:publisher.cc(763)] Publisher info not found
[15 Jun 2021, 12:57:33.0 pm:ERROR:publisher.cc(763)] Publisher info not found
--------------------------------------------------------------------------------
[15 Jun 2021, 2:14:50.3 pm:ERROR:publisher.cc(763)] Publisher info not found
[15 Jun 2021, 4:22:19.1 pm:ERROR:publisher.cc(763)] Publisher info not found
[15 Jun 2021, 4:22:19.1 pm:ERROR:publisher.cc(763)] Publisher info not found
[15 Jun 2021, 4:22:26.6 pm:ERROR:publisher.cc(763)] Publisher info not found
[15 Jun 2021, 4:22:26.6 pm:ERROR:publisher.cc(763)] Publisher info not found
[15 Jun 2021, 4:23:57.3 pm:ERROR:publisher.cc(763)] Publisher info not found
[15 Jun 2021, 4:23:57.3 pm:ERROR:publisher.cc(763)] Publisher info not found
[15 Jun 2021, 4:29:31.2 pm:ERROR:publisher.cc(763)] Publisher info not found
[15 Jun 2021, 4:32:56.7 pm:ERROR:publisher.cc(763)] Publisher info not found
[15 Jun 2021, 4:45:11.5 pm:ERROR:publisher.cc(763)] Publisher info not found
[15 Jun 2021, 7:45:00.4 pm:ERROR:publisher.cc(763)] Publisher info not found
[15 Jun 2021, 7:47:39.2 pm:ERROR:credentials_promotion.cc(503)] Token list empty
[15 Jun 2021, 7:47:39.2 pm:ERROR:wallet.cc(162)] Claiming tokens failed
[15 Jun 2021, 7:47:39.4 pm:ERROR:credentials_promotion.cc(503)] Token list empty
[15 Jun 2021, 7:47:39.4 pm:ERROR:wallet.cc(162)] Claiming tokens failed
[15 Jun 2021, 7:48:10.8 pm:ERROR:credentials_promotion.cc(503)] Token list empty
[15 Jun 2021, 7:48:10.8 pm:ERROR:wallet.cc(162)] Claiming tokens failed
[15 Jun 2021, 7:54:59.1 pm:ERROR:publisher.cc(763)] Publisher info not found
[15 Jun 2021, 7:56:34.3 pm:ERROR:publisher.cc(763)] Publisher info not found
[15 Jun 2021, 8:07:49.6 pm:ERROR:publisher.cc(763)] Publisher info not found
[15 Jun 2021, 8:53:33.1 pm:ERROR:publisher.cc(763)] Publisher info not found
[15 Jun 2021, 8:53:33.1 pm:ERROR:publisher.cc(763)] Publisher info not found
[15 Jun 2021, 10:57:18.3 pm:ERROR:publisher.cc(763)] Publisher info not found
--------------------------------------------------------------------------------
[16 Jun 2021, 8:24:38.9 am:ERROR:credentials_promotion.cc(503)] Token list empty
[16 Jun 2021, 8:24:38.9 am:ERROR:wallet.cc(162)] Claiming tokens failed
[16 Jun 2021, 8:24:39.1 am:ERROR:credentials_promotion.cc(503)] Token list empty
[16 Jun 2021, 8:24:39.1 am:ERROR:wallet.cc(162)] Claiming tokens failed
[16 Jun 2021, 8:59:04.6 am:ERROR:publisher.cc(763)] Publisher info not found
[16 Jun 2021, 9:03:40.0 am:ERROR:publisher.cc(763)] Publisher info not found
[16 Jun 2021, 9:16:04.2 am:ERROR:publisher.cc(763)] Publisher info not found
[16 Jun 2021, 1:35:47.1 pm:ERROR:publisher.cc(763)] Publisher info not found
[16 Jun 2021, 2:42:15.0 pm:ERROR:publisher.cc(763)] Publisher info not found
[16 Jun 2021, 4:17:19.5 pm:ERROR:publisher.cc(763)] Publisher info not found
[16 Jun 2021, 4:18:22.0 pm:ERROR:publisher.cc(763)] Publisher info not found
[16 Jun 2021, 4:38:18.5 pm:ERROR:publisher.cc(763)] Publisher info not found
[16 Jun 2021, 4:38:18.5 pm:ERROR:publisher.cc(763)] Publisher info not found
--------------------------------------------------------------------------------
[17 Jun 2021, 8:20:02.4 am:ERROR:publisher.cc(763)] Publisher info not found
[17 Jun 2021, 10:10:37.8 am:ERROR:publisher.cc(763)] Publisher info not found
--------------------------------------------------------------------------------
[17 Jun 2021, 1:31:59.3 pm:ERROR:publisher.cc(763)] Publisher info not found
[17 Jun 2021, 1:33:21.3 pm:ERROR:publisher.cc(763)] Publisher info not found
[17 Jun 2021, 2:41:14.6 pm:ERROR:publisher.cc(763)] Publisher info not found
[17 Jun 2021, 5:17:11.4 pm:ERROR:publisher.cc(763)] Publisher info not found
[17 Jun 2021, 5:18:36.9 pm:ERROR:publisher.cc(763)] Publisher info not found
[17 Jun 2021, 5:48:29.3 pm:ERROR:publisher.cc(763)] Publisher info not found
[17 Jun 2021, 5:57:28.6 pm:ERROR:publisher.cc(763)] Publisher info not found
[17 Jun 2021, 5:58:26.1 pm:ERROR:publisher.cc(763)] Publisher info not found
[17 Jun 2021, 5:59:55.0 pm:ERROR:publisher.cc(763)] Publisher info not found
[17 Jun 2021, 6:02:42.4 pm:ERROR:publisher.cc(763)] Publisher info not found
[17 Jun 2021, 6:03:08.5 pm:ERROR:publisher.cc(763)] Publisher info not found
[17 Jun 2021, 6:03:40.2 pm:ERROR:publisher.cc(763)] Publisher info not found
[17 Jun 2021, 6:25:03.5 pm:ERROR:publisher.cc(763)] Publisher info not found
[17 Jun 2021, 6:34:51.4 pm:ERROR:publisher.cc(763)] Publisher info not found
[17 Jun 2021, 7:28:14.1 pm:ERROR:publisher.cc(763)] Publisher info not found
[18 Jun 2021, 2:37:45.5 am:ERROR:publisher.cc(763)] Publisher info not found
--------------------------------------------------------------------------------
[18 Jun 2021, 11:19:08.7 am:ERROR:publisher.cc(763)] Publisher info not found
--------------------------------------------------------------------------------
[21 Jun 2021, 8:52:35.7 pm:ERROR:publisher.cc(763)] Publisher info not found
[21 Jun 2021, 9:50:01.6 pm:ERROR:publisher.cc(763)] Publisher info not found
[21 Jun 2021, 9:53:40.5 pm:ERROR:publisher.cc(763)] Publisher info not found
[21 Jun 2021, 9:59:51.9 pm:ERROR:publisher.cc(763)] Publisher info not found
[21 Jun 2021, 11:52:14.6 pm:ERROR:publisher.cc(763)] Publisher info not found
[21 Jun 2021, 11:52:39.2 pm:ERROR:publisher.cc(763)] Publisher info not found
[21 Jun 2021, 11:55:15.6 pm:ERROR:publisher.cc(763)] Publisher info not found
[21 Jun 2021, 11:55:46.0 pm:ERROR:publisher.cc(763)] Publisher info not found
--------------------------------------------------------------------------------
[22 Jun 2021, 10:02:57.1 am:ERROR:publisher.cc(763)] Publisher info not found
[22 Jun 2021, 10:06:19.5 am:ERROR:publisher.cc(763)] Publisher info not found
[22 Jun 2021, 10:16:07.3 am:ERROR:publisher.cc(763)] Publisher info not found
[22 Jun 2021, 10:17:15.6 am:ERROR:publisher.cc(763)] Publisher info not found
[22 Jun 2021, 10:18:13.6 am:ERROR:publisher.cc(763)] Publisher info not found
[22 Jun 2021, 10:19:29.5 am:ERROR:publisher.cc(763)] Publisher info not found
[22 Jun 2021, 10:26:10.2 am:ERROR:publisher.cc(834)] Failed to retrieve publisher info while updating media duration
[22 Jun 2021, 10:26:10.2 am:ERROR:publisher.cc(834)] Failed to retrieve publisher info while updating media duration
[22 Jun 2021, 10:26:10.4 am:ERROR:publisher.cc(763)] Publisher info not found
[22 Jun 2021, 10:28:26.6 am:ERROR:publisher.cc(763)] Publisher info not found
[22 Jun 2021, 10:36:51.9 am:ERROR:publisher.cc(763)] Publisher info not found
[22 Jun 2021, 10:38:17.7 am:ERROR:publisher.cc(763)] Publisher info not found
--------------------------------------------------------------------------------
[22 Jun 2021, 3:34:48.0 pm:ERROR:publisher.cc(763)] Publisher info not found
[22 Jun 2021, 3:35:17.4 pm:ERROR:publisher.cc(763)] Publisher info not found
[22 Jun 2021, 4:18:05.2 pm:ERROR:publisher.cc(763)] Publisher info not found
[22 Jun 2021, 4:22:43.8 pm:ERROR:publisher.cc(763)] Publisher info not found
[22 Jun 2021, 4:30:47.8 pm:ERROR:publisher.cc(763)] Publisher info not found
[22 Jun 2021, 4:45:28.7 pm:ERROR:publisher.cc(763)] Publisher info not found
[22 Jun 2021, 4:47:48.3 pm:ERROR:publisher.cc(763)] Publisher info not found
[22 Jun 2021, 4:57:11.5 pm:ERROR:publisher.cc(763)] Publisher info not found
[22 Jun 2021, 4:57:39.7 pm:ERROR:publisher.cc(763)] Publisher info not found
[22 Jun 2021, 5:00:51.2 pm:ERROR:publisher.cc(763)] Publisher info not found
[22 Jun 2021, 5:01:42.1 pm:ERROR:publisher.cc(763)] Publisher info not found
[22 Jun 2021, 5:50:29.3 pm:ERROR:publisher.cc(763)] Publisher info not found
[22 Jun 2021, 6:05:00.7 pm:ERROR:publisher.cc(763)] Publisher info not found
[22 Jun 2021, 6:07:31.7 pm:ERROR:publisher.cc(763)] Publisher info not found
[22 Jun 2021, 6:13:27.5 pm:ERROR:publisher.cc(763)] Publisher info not found
[22 Jun 2021, 7:00:55.6 pm:ERROR:publisher.cc(763)] Publisher info not found
[22 Jun 2021, 8:27:27.5 pm:ERROR:publisher.cc(763)] Publisher info not found
[22 Jun 2021, 9:46:51.7 pm:ERROR:publisher.cc(763)] Publisher info not found
[22 Jun 2021, 10:12:43.1 pm:ERROR:publisher.cc(763)] Publisher info not found
[22 Jun 2021, 10:12:43.1 pm:ERROR:publisher.cc(763)] Publisher info not found
[22 Jun 2021, 11:08:36.4 pm:ERROR:publisher.cc(763)] Publisher info not found
--------------------------------------------------------------------------------
[23 Jun 2021, 1:30:20.2 pm:ERROR:publisher.cc(763)] Publisher info not found
[23 Jun 2021, 1:30:37.2 pm:ERROR:publisher.cc(763)] Publisher info not found
[23 Jun 2021, 2:08:36.4 pm:ERROR:publisher.cc(763)] Publisher info not found
[23 Jun 2021, 3:16:54.3 pm:ERROR:publisher.cc(763)] Publisher info not found
[23 Jun 2021, 3:18:57.7 pm:ERROR:publisher.cc(763)] Publisher info not found
[23 Jun 2021, 3:20:17.1 pm:ERROR:publisher.cc(763)] Publisher info not found
[23 Jun 2021, 3:21:35.4 pm:ERROR:publisher.cc(763)] Publisher info not found
[23 Jun 2021, 3:21:57.9 pm:ERROR:publisher.cc(763)] Publisher info not found
[23 Jun 2021, 3:22:44.4 pm:ERROR:publisher.cc(763)] Publisher info not found
[23 Jun 2021, 3:24:55.0 pm:ERROR:publisher.cc(763)] Publisher info not found
[23 Jun 2021, 4:54:28.7 pm:ERROR:publisher.cc(763)] Publisher info not found
[23 Jun 2021, 5:52:59.4 pm:ERROR:publisher.cc(763)] Publisher info not found
[23 Jun 2021, 6:05:00.4 pm:ERROR:publisher.cc(763)] Publisher info not found
[23 Jun 2021, 6:13:16.0 pm:ERROR:publisher.cc(763)] Publisher info not found
[23 Jun 2021, 6:23:30.7 pm:ERROR:publisher.cc(763)] Publisher info not found
[23 Jun 2021, 6:43:19.1 pm:ERROR:publisher.cc(763)] Publisher info not found
[23 Jun 2021, 6:43:43.2 pm:ERROR:publisher.cc(763)] Publisher info not found
[23 Jun 2021, 6:59:05.1 pm:ERROR:publisher.cc(763)] Publisher info not found
[23 Jun 2021, 7:19:06.8 pm:ERROR:publisher.cc(763)] Publisher info not found
[23 Jun 2021, 7:24:48.4 pm:ERROR:publisher.cc(763)] Publisher info not found
[23 Jun 2021, 7:29:27.2 pm:ERROR:publisher.cc(763)] Publisher info not found
[23 Jun 2021, 8:14:30.2 pm:ERROR:publisher.cc(763)] Publisher info not found
[23 Jun 2021, 8:25:55.4 pm:ERROR:publisher.cc(763)] Publisher info not found
[23 Jun 2021, 8:26:21.0 pm:ERROR:publisher.cc(763)] Publisher info not found
[23 Jun 2021, 8:42:07.4 pm:ERROR:publisher.cc(763)] Publisher info not found
[23 Jun 2021, 8:42:21.9 pm:ERROR:publisher.cc(763)] Publisher info not found
[23 Jun 2021, 8:46:24.6 pm:ERROR:credentials_promotion.cc(503)] Token list empty
[23 Jun 2021, 8:46:24.6 pm:ERROR:wallet.cc(162)] Claiming tokens failed
[23 Jun 2021, 8:46:24.7 pm:ERROR:credentials_promotion.cc(503)] Token list empty
[23 Jun 2021, 8:46:24.7 pm:ERROR:wallet.cc(162)] Claiming tokens failed
[23 Jun 2021, 8:48:23.8 pm:ERROR:publisher.cc(763)] Publisher info not found
[23 Jun 2021, 8:51:18.9 pm:ERROR:publisher.cc(763)] Publisher info not found
[23 Jun 2021, 8:51:18.9 pm:ERROR:publisher.cc(763)] Publisher info not found
[23 Jun 2021, 9:09:47.1 pm:ERROR:publisher.cc(763)] Publisher info not found
[23 Jun 2021, 9:22:58.4 pm:ERROR:publisher.cc(763)] Publisher info not found
[23 Jun 2021, 11:08:20.4 pm:ERROR:publisher.cc(763)] Publisher info not found
[23 Jun 2021, 11:21:26.8 pm:ERROR:publisher.cc(763)] Publisher info not found
[23 Jun 2021, 11:21:26.8 pm:ERROR:publisher.cc(763)] Publisher info not found
--------------------------------------------------------------------------------
[24 Jun 2021, 8:39:22.7 am:ERROR:publisher.cc(763)] Publisher info not found
[24 Jun 2021, 8:50:55.1 am:ERROR:publisher.cc(763)] Publisher info not found
[24 Jun 2021, 9:35:59.8 am:ERROR:publisher.cc(763)] Publisher info not found
[24 Jun 2021, 9:39:15.3 am:ERROR:publisher.cc(763)] Publisher info not found
--------------------------------------------------------------------------------
[24 Jun 2021, 11:39:40.2 am:ERROR:publisher.cc(763)] Publisher info not found
[24 Jun 2021, 12:37:35.6 pm:ERROR:publisher.cc(763)] Publisher info not found
[24 Jun 2021, 12:45:16.5 pm:ERROR:publisher.cc(763)] Publisher info not found
[24 Jun 2021, 12:50:18.2 pm:ERROR:publisher.cc(763)] Publisher info not found
[24 Jun 2021, 12:51:46.8 pm:ERROR:publisher.cc(763)] Publisher info not found
[24 Jun 2021, 2:02:26.3 pm:ERROR:publisher.cc(763)] Publisher info not found
--------------------------------------------------------------------------------
[26 Jun 2021, 11:01:37.6 pm:ERROR:publisher.cc(763)] Publisher info not found
[26 Jun 2021, 11:02:58.7 pm:ERROR:publisher.cc(763)] Publisher info not found
[26 Jun 2021, 11:03:05.5 pm:ERROR:publisher.cc(763)] Publisher info not found
[26 Jun 2021, 11:08:15.0 pm:ERROR:publisher.cc(763)] Publisher info not found
[26 Jun 2021, 11:22:17.6 pm:ERROR:publisher.cc(763)] Publisher info not found
--------------------------------------------------------------------------------
[28 Jun 2021, 9:52:15.7 am:ERROR:publisher.cc(763)] Publisher info not found
[28 Jun 2021, 10:02:39.4 am:ERROR:get_available.cc(69)] Unexpected HTTP status: 503
[28 Jun 2021, 10:25:39.5 am:ERROR:get_available.cc(69)] Unexpected HTTP status: 503
[28 Jun 2021, 11:16:17.2 am:ERROR:get_available.cc(69)] Unexpected HTTP status: 503
[28 Jun 2021, 1:10:11.9 pm:ERROR:get_available.cc(69)] Unexpected HTTP status: 503
[28 Jun 2021, 1:16:53.5 pm:ERROR:publisher.cc(763)] Publisher info not found
--------------------------------------------------------------------------------
[28 Jun 2021, 6:01:28.2 pm:ERROR:get_available.cc(69)] Unexpected HTTP status: 503
[28 Jun 2021, 6:13:19.9 pm:ERROR:get_available.cc(69)] Unexpected HTTP status: 503
[28 Jun 2021, 6:25:16.9 pm:ERROR:get_available.cc(69)] Unexpected HTTP status: 503
[28 Jun 2021, 7:04:39.3 pm:ERROR:get_available.cc(69)] Unexpected HTTP status: 503
[28 Jun 2021, 7:05:10.8 pm:ERROR:publisher.cc(763)] Publisher info not found
[28 Jun 2021, 7:05:31.7 pm:ERROR:publisher.cc(763)] Publisher info not found
[28 Jun 2021, 7:05:59.2 pm:ERROR:publisher.cc(763)] Publisher info not found
[28 Jun 2021, 7:06:18.0 pm:ERROR:publisher.cc(763)] Publisher info not found
[28 Jun 2021, 7:07:04.9 pm:ERROR:publisher.cc(763)] Publisher info not found
[28 Jun 2021, 7:10:10.2 pm:ERROR:publisher.cc(763)] Publisher info not found
[28 Jun 2021, 7:10:22.8 pm:ERROR:publisher.cc(763)] Publisher info not found
[28 Jun 2021, 7:10:42.9 pm:ERROR:publisher.cc(763)] Publisher info not found
[28 Jun 2021, 7:11:43.5 pm:ERROR:publisher.cc(763)] Publisher info not found
[28 Jun 2021, 7:16:57.3 pm:ERROR:get_available.cc(69)] Unexpected HTTP status: 504
[28 Jun 2021, 7:27:28.5 pm:ERROR:publisher.cc(763)] Publisher info not found
[28 Jun 2021, 7:27:28.5 pm:ERROR:publisher.cc(763)] Publisher info not found
[28 Jun 2021, 7:36:46.7 pm:ERROR:publisher.cc(763)] Publisher info not found
[28 Jun 2021, 7:36:46.7 pm:ERROR:publisher.cc(763)] Publisher info not found
[28 Jun 2021, 7:41:49.6 pm:ERROR:get_available.cc(69)] Unexpected HTTP status: 503
[28 Jun 2021, 7:42:35.7 pm:ERROR:publisher.cc(763)] Publisher info not found
[28 Jun 2021, 7:42:35.7 pm:ERROR:publisher.cc(763)] Publisher info not found
[28 Jun 2021, 7:46:41.8 pm:ERROR:publisher.cc(763)] Publisher info not found
[28 Jun 2021, 7:46:41.8 pm:ERROR:publisher.cc(763)] Publisher info not found
[28 Jun 2021, 7:52:12.9 pm:ERROR:publisher.cc(763)] Publisher info not found
[28 Jun 2021, 7:53:28.5 pm:ERROR:publisher.cc(763)] Publisher info not found
[28 Jun 2021, 7:53:55.4 pm:ERROR:publisher.cc(763)] Publisher info not found
--------------------------------------------------------------------------------
[29 Jun 2021, 5:02:02.5 pm:ERROR:publisher.cc(763)] Publisher info not found
[29 Jun 2021, 5:05:46.9 pm:ERROR:publisher.cc(763)] Publisher info not found
[29 Jun 2021, 5:10:36.1 pm:ERROR:publisher.cc(763)] Publisher info not found
[29 Jun 2021, 5:18:08.0 pm:ERROR:publisher.cc(763)] Publisher info not found
[29 Jun 2021, 5:19:51.5 pm:ERROR:publisher.cc(763)] Publisher info not found
[29 Jun 2021, 5:59:28.0 pm:ERROR:publisher.cc(763)] Publisher info not found
[29 Jun 2021, 6:06:40.8 pm:ERROR:publisher.cc(763)] Publisher info not found
[29 Jun 2021, 6:12:45.4 pm:ERROR:publisher.cc(763)] Publisher info not found
[29 Jun 2021, 6:42:27.2 pm:ERROR:publisher.cc(763)] Publisher info not found
[29 Jun 2021, 6:42:27.2 pm:ERROR:publisher.cc(763)] Publisher info not found
[29 Jun 2021, 7:10:45.7 pm:ERROR:publisher.cc(763)] Publisher info not found
[29 Jun 2021, 7:11:22.7 pm:ERROR:publisher.cc(763)] Publisher info not found
[29 Jun 2021, 7:13:22.0 pm:ERROR:publisher.cc(763)] Publisher info not found
[29 Jun 2021, 7:18:31.2 pm:ERROR:publisher.cc(763)] Publisher info not found
[29 Jun 2021, 7:32:52.6 pm:ERROR:publisher.cc(763)] Publisher info not found
[29 Jun 2021, 9:11:46.4 pm:ERROR:publisher.cc(763)] Publisher info not found
[29 Jun 2021, 9:12:13.6 pm:ERROR:publisher.cc(763)] Publisher info not found
[29 Jun 2021, 9:12:34.7 pm:ERROR:publisher.cc(763)] Publisher info not found
[29 Jun 2021, 9:13:24.7 pm:ERROR:publisher.cc(763)] Publisher info not found
[29 Jun 2021, 9:13:46.2 pm:ERROR:publisher.cc(763)] Publisher info not found
[29 Jun 2021, 9:14:57.5 pm:ERROR:publisher.cc(763)] Publisher info not found
[29 Jun 2021, 9:16:14.2 pm:ERROR:publisher.cc(763)] Publisher info not found
[29 Jun 2021, 9:16:38.8 pm:ERROR:publisher.cc(763)] Publisher info not found
[29 Jun 2021, 9:53:51.0 pm:ERROR:publisher.cc(763)] Publisher info not found
[29 Jun 2021, 10:03:08.8 pm:ERROR:publisher.cc(763)] Publisher info not found
[29 Jun 2021, 10:07:54.1 pm:ERROR:publisher.cc(763)] Publisher info not found
[29 Jun 2021, 10:09:05.5 pm:ERROR:publisher.cc(763)] Publisher info not found
[29 Jun 2021, 10:21:43.7 pm:ERROR:publisher.cc(763)] Publisher info not found
[29 Jun 2021, 11:08:24.2 pm:ERROR:publisher.cc(763)] Publisher info not found
[29 Jun 2021, 11:10:24.1 pm:ERROR:publisher.cc(763)] Publisher info not found
[29 Jun 2021, 11:13:20.2 pm:ERROR:publisher.cc(763)] Publisher info not found
[29 Jun 2021, 11:25:04.1 pm:ERROR:publisher.cc(763)] Publisher info not found
--------------------------------------------------------------------------------
[16 Jul 2021, 8:52:34.7 am:ERROR:publisher.cc(763)] Publisher info not found
[16 Jul 2021, 9:22:42.3 am:ERROR:publisher.cc(763)] Publisher info not found
[16 Jul 2021, 9:26:21.5 am:ERROR:publisher.cc(763)] Publisher info not found
[16 Jul 2021, 9:33:19.9 am:ERROR:publisher.cc(763)] Publisher info not found
[16 Jul 2021, 9:36:17.2 am:ERROR:publisher.cc(763)] Publisher info not found
[16 Jul 2021, 9:37:52.3 am:ERROR:publisher.cc(763)] Publisher info not found
[16 Jul 2021, 9:43:35.8 am:ERROR:publisher.cc(763)] Publisher info not found
[16 Jul 2021, 9:44:17.9 am:ERROR:publisher.cc(763)] Publisher info not found
[16 Jul 2021, 9:48:26.7 am:ERROR:publisher.cc(763)] Publisher info not found
[16 Jul 2021, 10:12:01.9 am:ERROR:publisher.cc(763)] Publisher info not found
[16 Jul 2021, 10:12:02.0 am:ERROR:publisher.cc(763)] Publisher info not found
--------------------------------------------------------------------------------
[16 Jul 2021, 11:16:09.2 am:ERROR:publisher.cc(763)] Publisher info not found
[16 Jul 2021, 11:16:09.2 am:ERROR:publisher.cc(763)] Publisher info not found
[16 Jul 2021, 11:21:30.0 am:ERROR:credentials_promotion.cc(503)] Token list empty
[16 Jul 2021, 11:21:30.0 am:ERROR:wallet.cc(162)] Claiming tokens failed
[16 Jul 2021, 11:21:30.1 am:ERROR:credentials_promotion.cc(503)] Token list empty
[16 Jul 2021, 11:21:30.1 am:ERROR:wallet.cc(162)] Claiming tokens failed
[16 Jul 2021, 11:36:50.2 am:ERROR:publisher.cc(763)] Publisher info not found
--------------------------------------------------------------------------------
[16 Jul 2021, 11:59:51.0 am:ERROR:credentials_promotion.cc(503)] Token list empty
[16 Jul 2021, 11:59:51.0 am:ERROR:wallet.cc(162)] Claiming tokens failed
[16 Jul 2021, 11:59:51.4 am:ERROR:credentials_promotion.cc(503)] Token list empty
[16 Jul 2021, 11:59:51.4 am:ERROR:wallet.cc(162)] Claiming tokens failed
[16 Jul 2021, 12:30:15.8 pm:ERROR:publisher.cc(763)] Publisher info not found
--------------------------------------------------------------------------------
[16 Jul 2021, 10:19:33.7 pm:ERROR:publisher.cc(763)] Publisher info not found
[16 Jul 2021, 10:19:33.7 pm:ERROR:publisher.cc(763)] Publisher info not found
[16 Jul 2021, 10:21:27.7 pm:ERROR:publisher.cc(763)] Publisher info not found
[16 Jul 2021, 10:21:27.7 pm:ERROR:publisher.cc(763)] Publisher info not found
[16 Jul 2021, 10:27:40.1 pm:ERROR:publisher.cc(763)] Publisher info not found
[16 Jul 2021, 10:27:40.1 pm:ERROR:publisher.cc(763)] Publisher info not found
[16 Jul 2021, 10:32:43.9 pm:ERROR:publisher.cc(763)] Publisher info not found
[16 Jul 2021, 10:33:35.1 pm:ERROR:publisher.cc(763)] Publisher info not found
[16 Jul 2021, 10:36:37.3 pm:ERROR:publisher.cc(763)] Publisher info not found
[16 Jul 2021, 10:36:56.1 pm:ERROR:publisher.cc(763)] Publisher info not found
[16 Jul 2021, 11:04:18.9 pm:ERROR:publisher.cc(763)] Publisher info not found
[16 Jul 2021, 11:10:41.3 pm:ERROR:publisher.cc(763)] Publisher info not found
[17 Jul 2021, 12:22:40.7 am:ERROR:publisher.cc(763)] Publisher info not found
[17 Jul 2021, 12:23:02.8 am:ERROR:publisher.cc(763)] Publisher info not found
--------------------------------------------------------------------------------
[18 Jul 2021, 9:27:08.8 pm:ERROR:publisher.cc(763)] Publisher info not found
[18 Jul 2021, 9:28:35.5 pm:ERROR:publisher.cc(763)] Publisher info not found
--------------------------------------------------------------------------------
[19 Jul 2021, 9:03:16.5 am:ERROR:publisher.cc(763)] Publisher info not found
[19 Jul 2021, 9:03:16.5 am:ERROR:publisher.cc(763)] Publisher info not found
[19 Jul 2021, 9:31:47.2 am:ERROR:publisher.cc(763)] Publisher info not found
[19 Jul 2021, 9:32:22.2 am:ERROR:publisher.cc(763)] Publisher info not found
[19 Jul 2021, 9:33:43.2 am:ERROR:publisher.cc(763)] Publisher info not found
[19 Jul 2021, 9:35:00.8 am:ERROR:publisher.cc(763)] Publisher info not found
[19 Jul 2021, 9:38:18.7 am:ERROR:publisher.cc(763)] Publisher info not found
[19 Jul 2021, 9:56:09.1 am:ERROR:publisher.cc(763)] Publisher info not found
[19 Jul 2021, 10:40:50.3 am:ERROR:publisher.cc(763)] Publisher info not found
--------------------------------------------------------------------------------
[19 Jul 2021, 11:30:12.2 am:ERROR:publisher.cc(763)] Publisher info not found
[19 Jul 2021, 11:39:15.2 am:ERROR:publisher.cc(763)] Publisher info not found
[19 Jul 2021, 12:26:58.8 pm:ERROR:publisher.cc(763)] Publisher info not found
[19 Jul 2021, 12:26:58.8 pm:ERROR:publisher.cc(763)] Publisher info not found
--------------------------------------------------------------------------------
[19 Jul 2021, 12:56:52.5 pm:ERROR:publisher.cc(763)] Publisher info not found
--------------------------------------------------------------------------------
[19 Jul 2021, 3:59:36.8 pm:ERROR:publisher.cc(763)] Publisher info not found
[19 Jul 2021, 3:59:36.8 pm:ERROR:publisher.cc(763)] Publisher info not found
[19 Jul 2021, 5:24:03.9 pm:ERROR:credentials_promotion.cc(503)] Token list empty
[19 Jul 2021, 5:24:03.9 pm:ERROR:wallet.cc(162)] Claiming tokens failed
[19 Jul 2021, 5:24:04.0 pm:ERROR:credentials_promotion.cc(503)] Token list empty
[19 Jul 2021, 5:24:04.0 pm:ERROR:wallet.cc(162)] Claiming tokens failed
[19 Jul 2021, 5:28:45.0 pm:ERROR:publisher.cc(763)] Publisher info not found
[19 Jul 2021, 5:28:45.0 pm:ERROR:publisher.cc(763)] Publisher info not found
[19 Jul 2021, 5:29:21.9 pm:ERROR:publisher.cc(763)] Publisher info not found
[19 Jul 2021, 5:29:21.9 pm:ERROR:publisher.cc(763)] Publisher info not found
--------------------------------------------------------------------------------
[20 Jul 2021, 8:46:30.6 am:ERROR:ad_rewards.cc(280)] Payment balance is not ready
[20 Jul 2021, 8:53:44.5 am:ERROR:publisher.cc(763)] Publisher info not found
[20 Jul 2021, 8:55:40.6 am:ERROR:publisher.cc(763)] Publisher info not found
[20 Jul 2021, 9:00:06.1 am:ERROR:publisher.cc(763)] Publisher info not found
[20 Jul 2021, 9:00:24.9 am:ERROR:publisher.cc(763)] Publisher info not found
[20 Jul 2021, 9:00:55.0 am:ERROR:publisher.cc(763)] Publisher info not found
[20 Jul 2021, 9:03:09.1 am:ERROR:publisher.cc(763)] Publisher info not found
[20 Jul 2021, 9:04:05.2 am:ERROR:publisher.cc(763)] Publisher info not found
[20 Jul 2021, 9:05:25.9 am:ERROR:publisher.cc(763)] Publisher info not found
[20 Jul 2021, 9:07:01.8 am:ERROR:publisher.cc(763)] Publisher info not found
[20 Jul 2021, 9:07:55.2 am:ERROR:publisher.cc(763)] Publisher info not found
--------------------------------------------------------------------------------
[20 Jul 2021, 11:06:40.5 am:ERROR:publisher.cc(763)] Publisher info not found
[20 Jul 2021, 11:10:43.6 am:ERROR:publisher.cc(763)] Publisher info not found
[20 Jul 2021, 11:11:58.2 am:ERROR:publisher.cc(763)] Publisher info not found
[20 Jul 2021, 11:12:06.5 am:ERROR:publisher.cc(763)] Publisher info not found
[20 Jul 2021, 11:22:10.9 am:ERROR:publisher.cc(763)] Publisher info not found
[20 Jul 2021, 11:39:59.6 am:ERROR:publisher.cc(763)] Publisher info not found
[20 Jul 2021, 11:39:59.6 am:ERROR:publisher.cc(763)] Publisher info not found
[20 Jul 2021, 12:50:07.5 pm:ERROR:publisher.cc(763)] Publisher info not found
[20 Jul 2021, 12:50:07.5 pm:ERROR:publisher.cc(763)] Publisher info not found
[20 Jul 2021, 12:54:07.6 pm:ERROR:publisher.cc(763)] Publisher info not found
[20 Jul 2021, 12:54:07.6 pm:ERROR:publisher.cc(763)] Publisher info not found
[20 Jul 2021, 12:55:55.9 pm:ERROR:publisher.cc(763)] Publisher info not found
[20 Jul 2021, 12:55:55.9 pm:ERROR:publisher.cc(763)] Publisher info not found
[20 Jul 2021, 12:56:20.3 pm:ERROR:publisher.cc(763)] Publisher info not found
[20 Jul 2021, 12:56:20.3 pm:ERROR:publisher.cc(763)] Publisher info not found
[20 Jul 2021, 1:00:54.2 pm:ERROR:publisher.cc(763)] Publisher info not found
[20 Jul 2021, 1:00:54.2 pm:ERROR:publisher.cc(763)] Publisher info not found
[20 Jul 2021, 1:03:05.5 pm:ERROR:publisher.cc(763)] Publisher info not found
[20 Jul 2021, 1:03:05.5 pm:ERROR:publisher.cc(763)] Publisher info not found
[20 Jul 2021, 1:04:21.0 pm:ERROR:publisher.cc(763)] Publisher info not found
[20 Jul 2021, 1:04:21.0 pm:ERROR:publisher.cc(763)] Publisher info not found
[20 Jul 2021, 1:04:28.2 pm:ERROR:publisher.cc(763)] Publisher info not found
[20 Jul 2021, 1:04:28.2 pm:ERROR:publisher.cc(763)] Publisher info not found
[20 Jul 2021, 1:43:12.0 pm:ERROR:publisher.cc(763)] Publisher info not found
[20 Jul 2021, 1:43:12.0 pm:ERROR:publisher.cc(763)] Publisher info not found
[20 Jul 2021, 1:44:01.0 pm:ERROR:publisher.cc(763)] Publisher info not found
[20 Jul 2021, 1:44:01.0 pm:ERROR:publisher.cc(763)] Publisher info not found
[20 Jul 2021, 2:48:49.2 pm:ERROR:publisher.cc(763)] Publisher info not found
[20 Jul 2021, 3:01:41.7 pm:ERROR:publisher.cc(763)] Publisher info not found
[20 Jul 2021, 3:05:20.8 pm:ERROR:publisher.cc(763)] Publisher info not found
[20 Jul 2021, 3:26:04.8 pm:ERROR:publisher.cc(763)] Publisher info not found
[20 Jul 2021, 3:30:37.9 pm:ERROR:publisher.cc(763)] Publisher info not found
--------------------------------------------------------------------------------
[20 Jul 2021, 6:52:44.1 pm:ERROR:publisher.cc(763)] Publisher info not found
[20 Jul 2021, 9:31:49.3 pm:ERROR:publisher.cc(763)] Publisher info not found
--------------------------------------------------------------------------------
[21 Jul 2021, 9:27:58.1 am:ERROR:publisher.cc(763)] Publisher info not found
[21 Jul 2021, 9:52:26.6 am:ERROR:publisher.cc(763)] Publisher info not found
[21 Jul 2021, 9:57:39.3 am:ERROR:publisher.cc(763)] Publisher info not found
[21 Jul 2021, 10:06:16.7 am:ERROR:publisher.cc(763)] Publisher info not found
[21 Jul 2021, 10:25:44.7 am:ERROR:publisher.cc(763)] Publisher info not found
[21 Jul 2021, 10:25:44.7 am:ERROR:publisher.cc(763)] Publisher info not found
[21 Jul 2021, 10:32:36.5 am:ERROR:publisher.cc(763)] Publisher info not found
[21 Jul 2021, 10:37:48.5 am:ERROR:publisher.cc(763)] Publisher info not found
[21 Jul 2021, 10:44:53.1 am:ERROR:publisher.cc(763)] Publisher info not found
[21 Jul 2021, 10:45:19.3 am:ERROR:publisher.cc(763)] Publisher info not found
[21 Jul 2021, 10:52:06.4 am:ERROR:publisher.cc(763)] Publisher info not found
[21 Jul 2021, 10:52:52.1 am:ERROR:publisher.cc(763)] Publisher info not found
--------------------------------------------------------------------------------
[22 Jul 2021, 9:51:28.4 pm:ERROR:credentials_promotion.cc(503)] Token list empty
[22 Jul 2021, 9:51:28.4 pm:ERROR:wallet.cc(162)] Claiming tokens failed
[22 Jul 2021, 9:51:28.9 pm:ERROR:credentials_promotion.cc(503)] Token list empty
[22 Jul 2021, 9:51:28.9 pm:ERROR:wallet.cc(162)] Claiming tokens failed
